<?xml version="1.0" encoding="UTF-8"?>
<!-- Generated by org.testng.reporters.JUnitXMLReporter -->
<testsuite hostname="Ranjit" ignored="0" name="LoginTest" tests="5" failures="0" timestamp="21 Jun 2018 18:28:55 GMT" time="53.276" errors="0">
  <testcase name="forgotEmailId" time="3.845" classname="com.automation.practice.TestScripts.ForgotEmailIdTestCase"/>
  <testcase name="loginTest" time="8.909" classname="com.automation.practice.TestScripts.HomePageSignInCases"/>
  <testcase name="emptyCartCheck" time="0.119" classname="com.automation.practice.TestScripts.EmptyCartTestCase"/>
  <testcase name="LogoTest1" time="0.074" classname="com.automation.practice.TestScripts.LogoCheckTestCase"/>
  <testcase name="chooseDropDownValue" time="6.498" classname="com.automation.practice.TestScripts.ContactUsPageTestCases"/>
</testsuite> <!-- LoginTest -->
