<?xml version="1.0" encoding="UTF-8"?>
<!-- Generated by org.testng.reporters.JUnitXMLReporter -->
<testsuite hostname="Ranjit" name="LoginTest" tests="4" failures="0" timestamp="21 Jun 2018 05:18:04 GMT" time="33.613" errors="0">
  <testcase name="forgotEmailId" time="4.077" classname="com.automation.practice.TestScripts.ForgotEmailIdTestCase"/>
  <testcase name="loginTest" time="8.576" classname="com.automation.practice.TestScripts.HomePageSignInCases"/>
  <testcase name="emptyCartCheck" time="0.099" classname="com.automation.practice.TestScripts.EmptyCartTestCase"/>
  <testcase name="LogoTest1" time="0.058" classname="com.automation.practice.TestScripts.LogoCheckTestCase"/>
</testsuite> <!-- LoginTest -->
